<?xml version="1.0" encoding="UTF-8"?>
<!-- Generated by org.testng.reporters.JUnitReportReporter -->
<testsuite skipped="0" hostname="JiniSamuel" name="dressesPageTest.testdressesPage" tests="3" failures="0" timestamp="10 Nov 2018 12:21:28 GMT" time="15.891" errors="0">
  <testcase name="verifydressesaddedtoCart" time="6.185" classname="dressesPageTest.testdressesPage"/>
  <testcase name="pagenavigateAndDressesSize" time="6.948" classname="dressesPageTest.testdressesPage"/>
  <testcase name="verifydressesCount" time="2.758" classname="dressesPageTest.testdressesPage"/>
</testsuite> <!-- dressesPageTest.testdressesPage -->
