<?xml version="1.0" encoding="UTF-8"?>
<!-- Generated by org.testng.reporters.JUnitReportReporter -->
<testsuite skipped="0" hostname="JiniSamuel" name="homePageTest.testhomePage" tests="4" failures="0" timestamp="03 Nov 2018 19:59:21 GMT" time="19.101" errors="0">
  <testcase name="newsletter" time="5.187" classname="homePageTest.testhomePage"/>
  <testcase name="pagenavigate" time="9.458" classname="homePageTest.testhomePage"/>
  <testcase name="verifytabs" time="0.134" classname="homePageTest.testhomePage"/>
  <testcase name="addtoCart" time="4.322" classname="homePageTest.testhomePage"/>
</testsuite> <!-- homePageTest.testhomePage -->
